# JRE version: Java(TM) SE Runtime Environment (8.0_66-b18) (build 1.8.0_66-b18)
# Java VM: Java HotSpot(TM) 64-Bit Server VM (25.66-b18 mixed mode windows-amd64 compressed oops)
Heap:
 PSYoungGen      total 295936K, used 137368K [0x000000076c980000, 0x0000000789a00000, 0x00000007c0000000)
  eden space 264704K, 43% used [0x000000076c980000,0x0000000773a3f308,0x000000077cc00000)
  from space 31232K, 70% used [0x000000077cc00000,0x000000077e1670d0,0x000000077ea80000)
  to   space 31744K, 0% used [0x0000000787b00000,0x0000000787b00000,0x0000000789a00000)
 ParOldGen       total 193536K, used 39769K [0x00000006c5c00000, 0x00000006d1900000, 0x000000076c980000)
  object space 193536K, 20% used [0x00000006c5c00000,0x00000006c82d6478,0x00000006d1900000)
 Metaspace       used 56349K, capacity 57036K, committed 57472K, reserved 1099776K
  class space    used 7083K, capacity 7222K, committed 7296K, reserved 1048576K
GC Heap History (10 events):
Event: 2.443 GC heap before
{Heap before GC invocations=5 (full 1):
 PSYoungGen      total 139776K, used 129024K [0x000000076c980000, 0x000000077da80000, 0x00000007c0000000)
  eden space 129024K, 100% used [0x000000076c980000,0x0000000774780000,0x0000000774780000)
  from space 10752K, 0% used [0x0000000774780000,0x0000000774780000,0x0000000775200000)
  to   space 10752K, 0% used [0x000000077d000000,0x000000077d000000,0x000000077da80000)
 ParOldGen       total 153088K, used 35601K [0x00000006c5c00000, 0x00000006cf180000, 0x000000076c980000)
  object space 153088K, 23% used [0x00000006c5c00000,0x00000006c7ec45e0,0x00000006cf180000)
 Metaspace       used 23392K, capacity 23686K, committed 24064K, reserved 1071104K
  class space    used 2895K, capacity 2964K, committed 3072K, reserved 1048576K
Event: 2.452 GC heap after
Heap after GC invocations=5 (full 1):
 PSYoungGen      total 196096K, used 7617K [0x000000076c980000, 0x000000077d780000, 0x00000007c0000000)
  eden space 188416K, 0% used [0x000000076c980000,0x000000076c980000,0x0000000778180000)
  from space 7680K, 99% used [0x000000077d000000,0x000000077d770608,0x000000077d780000)
  to   space 10752K, 0% used [0x000000077c280000,0x000000077c280000,0x000000077cd00000)
 ParOldGen       total 153088K, used 35609K [0x00000006c5c00000, 0x00000006cf180000, 0x000000076c980000)
  object space 153088K, 23% used [0x00000006c5c00000,0x00000006c7ec65e0,0x00000006cf180000)
 Metaspace       used 23392K, capacity 23686K, committed 24064K, reserved 1071104K
  class space    used 2895K, capacity 2964K, committed 3072K, reserved 1048576K
}
Event: 4.577 GC heap before
{Heap before GC invocations=6 (full 1):
 PSYoungGen      total 196096K, used 196033K [0x000000076c980000, 0x000000077d780000, 0x00000007c0000000)
  eden space 188416K, 100% used [0x000000076c980000,0x0000000778180000,0x0000000778180000)
  from space 7680K, 99% used [0x000000077d000000,0x000000077d770608,0x000000077d780000)
  to   space 10752K, 0% used [0x000000077c280000,0x000000077c280000,0x000000077cd00000)
 ParOldGen       total 153088K, used 35609K [0x00000006c5c00000, 0x00000006cf180000, 0x000000076c980000)
  object space 153088K, 23% used [0x00000006c5c00000,0x00000006c7ec65e0,0x00000006cf180000)
 Metaspace       used 34343K, capacity 34626K, committed 34944K, reserved 1079296K
  class space    used 4139K, capacity 4190K, committed 4224K, reserved 1048576K
Event: 4.592 GC heap after
Heap after GC invocations=6 (full 1):
 PSYoungGen      total 265728K, used 10738K [0x000000076c980000, 0x0000000780900000, 0x00000007c0000000)
  eden space 254976K, 0% used [0x000000076c980000,0x000000076c980000,0x000000077c280000)
  from space 10752K, 99% used [0x000000077c280000,0x000000077ccfc9b8,0x000000077cd00000)
  to   space 31232K, 0% used [0x000000077ea80000,0x000000077ea80000,0x0000000780900000)
 ParOldGen       total 153088K, used 40472K [0x00000006c5c00000, 0x00000006cf180000, 0x000000076c980000)
  object space 153088K, 26% used [0x00000006c5c00000,0x00000006c8386068,0x00000006cf180000)
 Metaspace       used 34343K, capacity 34626K, committed 34944K, reserved 1079296K
  class space    used 4139K, capacity 4190K, committed 4224K, reserved 1048576K
}
Event: 4.637 GC heap before
{Heap before GC invocations=7 (full 1):
 PSYoungGen      total 265728K, used 21808K [0x000000076c980000, 0x0000000780900000, 0x00000007c0000000)
  eden space 254976K, 4% used [0x000000076c980000,0x000000076d44f998,0x000000077c280000)
  from space 10752K, 99% used [0x000000077c280000,0x000000077ccfc9b8,0x000000077cd00000)
  to   space 31232K, 0% used [0x000000077ea80000,0x000000077ea80000,0x0000000780900000)
 ParOldGen       total 153088K, used 40472K [0x00000006c5c00000, 0x00000006cf180000, 0x000000076c980000)
  object space 153088K, 26% used [0x00000006c5c00000,0x00000006c8386068,0x00000006cf180000)
 Metaspace       used 34908K, capacity 35138K, committed 35496K, reserved 1081344K
  class space    used 4208K, capacity 4254K, committed 4352K, reserved 1048576K
Event: 4.644 GC heap after
Heap after GC invocations=7 (full 1):
 PSYoungGen      total 295936K, used 8792K [0x000000076c980000, 0x0000000788e00000, 0x00000007c0000000)
  eden space 264704K, 0% used [0x000000076c980000,0x000000076c980000,0x000000077cc00000)
  from space 31232K, 28% used [0x000000077ea80000,0x000000077f316108,0x0000000780900000)
  to   space 31232K, 0% used [0x000000077cc00000,0x000000077cc00000,0x000000077ea80000)
 ParOldGen       total 153088K, used 40480K [0x00000006c5c00000, 0x00000006cf180000, 0x000000076c980000)
  object space 153088K, 26% used [0x00000006c5c00000,0x00000006c8388068,0x00000006cf180000)
 Metaspace       used 34908K, capacity 35138K, committed 35496K, reserved 1081344K
  class space    used 4208K, capacity 4254K, committed 4352K, reserved 1048576K
}
Event: 4.644 GC heap before
{Heap before GC invocations=8 (full 2):
 PSYoungGen      total 295936K, used 8792K [0x000000076c980000, 0x0000000788e00000, 0x00000007c0000000)
  eden space 264704K, 0% used [0x000000076c980000,0x000000076c980000,0x000000077cc00000)
  from space 31232K, 28% used [0x000000077ea80000,0x000000077f316108,0x0000000780900000)
  to   space 31232K, 0% used [0x000000077cc00000,0x000000077cc00000,0x000000077ea80000)
 ParOldGen       total 153088K, used 40480K [0x00000006c5c00000, 0x00000006cf180000, 0x000000076c980000)
  object space 153088K, 26% used [0x00000006c5c00000,0x00000006c8388068,0x00000006cf180000)
 Metaspace       used 34908K, capacity 35138K, committed 35496K, reserved 1081344K
  class space    used 4208K, capacity 4254K, committed 4352K, reserved 1048576K
Event: 4.718 GC heap after
Heap after GC invocations=8 (full 2):
 PSYoungGen      total 295936K, used 0K [0x000000076c980000, 0x0000000788e00000, 0x00000007c0000000)
  eden space 264704K, 0% used [0x000000076c980000,0x000000076c980000,0x000000077cc00000)
  from space 31232K, 0% used [0x000000077ea80000,0x000000077ea80000,0x0000000780900000)
  to   space 31232K, 0% used [0x000000077cc00000,0x000000077cc00000,0x000000077ea80000)
 ParOldGen       total 193536K, used 39761K [0x00000006c5c00000, 0x00000006d1900000, 0x000000076c980000)
  object space 193536K, 20% used [0x00000006c5c00000,0x00000006c82d4478,0x00000006d1900000)
 Metaspace       used 34908K, capacity 35138K, committed 35496K, reserved 1081344K
  class space    used 4208K, capacity 4254K, committed 4352K, reserved 1048576K
}
Event: 8.598 GC heap before
{Heap before GC invocations=9 (full 2):
 PSYoungGen      total 295936K, used 264704K [0x000000076c980000, 0x0000000788e00000, 0x00000007c0000000)
  eden space 264704K, 100% used [0x000000076c980000,0x000000077cc00000,0x000000077cc00000)
  from space 31232K, 0% used [0x000000077ea80000,0x000000077ea80000,0x0000000780900000)
  to   space 31232K, 0% used [0x000000077cc00000,0x000000077cc00000,0x000000077ea80000)
 ParOldGen       total 193536K, used 39761K [0x00000006c5c00000, 0x00000006d1900000, 0x000000076c980000)
  object space 193536K, 20% used [0x00000006c5c00000,0x00000006c82d4478,0x00000006d1900000)
 Metaspace       used 51749K, capacity 52292K, committed 52736K, reserved 1095680K
  class space    used 6498K, capacity 6604K, committed 6656K, reserved 1048576K
Event: 8.616 GC heap after
Heap after GC invocations=9 (full 2):
 PSYoungGen      total 295936K, used 21916K [0x000000076c980000, 0x0000000789a00000, 0x00000007c0000000)
  eden space 264704K, 0% used [0x000000076c980000,0x000000076c980000,0x000000077cc00000)
  from space 31232K, 70% used [0x000000077cc00000,0x000000077e1670d0,0x000000077ea80000)
  to   space 31744K, 0% used [0x0000000787b00000,0x0000000787b00000,0x0000000789a00000)
 ParOldGen       total 193536K, used 39769K [0x00000006c5c00000, 0x00000006d1900000, 0x000000076c980000)
  object space 193536K, 20% used [0x00000006c5c00000,0x00000006c82d6478,0x00000006d1900000)
 Metaspace       used 51749K, capacity 52292K, committed 52736K, reserved 1095680K
  class space    used 6498K, capacity 6604K, committed 6656K, reserved 1048576K
}

