# JRE version: Java(TM) SE Runtime Environment (8.0_66-b18) (build 1.8.0_66-b18)
# Java VM: Java HotSpot(TM) 64-Bit Server VM (25.66-b18 mixed mode windows-amd64 compressed oops)
Heap:
 PSYoungGen      total 267776K, used 143755K [0x000000076c980000, 0x0000000785a80000, 0x00000007c0000000)
  eden space 236544K, 52% used [0x000000076c980000,0x0000000774274a00,0x000000077b080000)
  from space 31232K, 63% used [0x000000077b080000,0x000000077c3ee390,0x000000077cf00000)
  to   space 31232K, 0% used [0x0000000783c00000,0x0000000783c00000,0x0000000785a80000)
 ParOldGen       total 209408K, used 39589K [0x00000006c5c00000, 0x00000006d2880000, 0x000000076c980000)
  object space 209408K, 18% used [0x00000006c5c00000,0x00000006c82a9460,0x00000006d2880000)
 Metaspace       used 56697K, capacity 57268K, committed 57768K, reserved 1099776K
  class space    used 7116K, capacity 7260K, committed 7336K, reserved 1048576K
GC Heap History (10 events):
Event: 2.431 GC heap before
{Heap before GC invocations=5 (full 1):
 PSYoungGen      total 139776K, used 129024K [0x000000076c980000, 0x000000077da80000, 0x00000007c0000000)
  eden space 129024K, 100% used [0x000000076c980000,0x0000000774780000,0x0000000774780000)
  from space 10752K, 0% used [0x0000000774780000,0x0000000774780000,0x0000000775200000)
  to   space 10752K, 0% used [0x000000077d000000,0x000000077d000000,0x000000077da80000)
 ParOldGen       total 158208K, used 35366K [0x00000006c5c00000, 0x00000006cf680000, 0x000000076c980000)
  object space 158208K, 22% used [0x00000006c5c00000,0x00000006c7e89a48,0x00000006cf680000)
 Metaspace       used 23416K, capacity 23732K, committed 24064K, reserved 1071104K
  class space    used 2890K, capacity 2961K, committed 3072K, reserved 1048576K
Event: 2.437 GC heap after
Heap after GC invocations=5 (full 1):
 PSYoungGen      total 185856K, used 7700K [0x000000076c980000, 0x000000077d800000, 0x00000007c0000000)
  eden space 177664K, 0% used [0x000000076c980000,0x000000076c980000,0x0000000777700000)
  from space 8192K, 94% used [0x000000077d000000,0x000000077d7852a8,0x000000077d800000)
  to   space 10752K, 0% used [0x000000077c300000,0x000000077c300000,0x000000077cd80000)
 ParOldGen       total 158208K, used 35374K [0x00000006c5c00000, 0x00000006cf680000, 0x000000076c980000)
  object space 158208K, 22% used [0x00000006c5c00000,0x00000006c7e8ba48,0x00000006cf680000)
 Metaspace       used 23416K, capacity 23732K, committed 24064K, reserved 1071104K
  class space    used 2890K, capacity 2961K, committed 3072K, reserved 1048576K
}
Event: 4.554 GC heap before
{Heap before GC invocations=6 (full 1):
 PSYoungGen      total 185856K, used 185364K [0x000000076c980000, 0x000000077d800000, 0x00000007c0000000)
  eden space 177664K, 100% used [0x000000076c980000,0x0000000777700000,0x0000000777700000)
  from space 8192K, 94% used [0x000000077d000000,0x000000077d7852a8,0x000000077d800000)
  to   space 10752K, 0% used [0x000000077c300000,0x000000077c300000,0x000000077cd80000)
 ParOldGen       total 158208K, used 35374K [0x00000006c5c00000, 0x00000006cf680000, 0x000000076c980000)
  object space 158208K, 22% used [0x00000006c5c00000,0x00000006c7e8ba48,0x00000006cf680000)
 Metaspace       used 34278K, capacity 34608K, committed 34944K, reserved 1079296K
  class space    used 4122K, capacity 4187K, committed 4224K, reserved 1048576K
Event: 4.571 GC heap after
Heap after GC invocations=6 (full 1):
 PSYoungGen      total 247296K, used 10740K [0x000000076c980000, 0x000000077ed80000, 0x00000007c0000000)
  eden space 236544K, 0% used [0x000000076c980000,0x000000076c980000,0x000000077b080000)
  from space 10752K, 99% used [0x000000077c300000,0x000000077cd7d040,0x000000077cd80000)
  to   space 31232K, 0% used [0x000000077cf00000,0x000000077cf00000,0x000000077ed80000)
 ParOldGen       total 158208K, used 40262K [0x00000006c5c00000, 0x00000006cf680000, 0x000000076c980000)
  object space 158208K, 25% used [0x00000006c5c00000,0x00000006c8351ad8,0x00000006cf680000)
 Metaspace       used 34278K, capacity 34608K, committed 34944K, reserved 1079296K
  class space    used 4122K, capacity 4187K, committed 4224K, reserved 1048576K
}
Event: 4.624 GC heap before
{Heap before GC invocations=7 (full 1):
 PSYoungGen      total 247296K, used 21001K [0x000000076c980000, 0x000000077ed80000, 0x00000007c0000000)
  eden space 236544K, 4% used [0x000000076c980000,0x000000076d385600,0x000000077b080000)
  from space 10752K, 99% used [0x000000077c300000,0x000000077cd7d040,0x000000077cd80000)
  to   space 31232K, 0% used [0x000000077cf00000,0x000000077cf00000,0x000000077ed80000)
 ParOldGen       total 158208K, used 40262K [0x00000006c5c00000, 0x00000006cf680000, 0x000000076c980000)
  object space 158208K, 25% used [0x00000006c5c00000,0x00000006c8351ad8,0x00000006cf680000)
 Metaspace       used 34871K, capacity 35184K, committed 35496K, reserved 1081344K
  class space    used 4205K, capacity 4251K, committed 4264K, reserved 1048576K
Event: 4.630 GC heap after
Heap after GC invocations=7 (full 1):
 PSYoungGen      total 267776K, used 8669K [0x000000076c980000, 0x0000000785c80000, 0x00000007c0000000)
  eden space 236544K, 0% used [0x000000076c980000,0x000000076c980000,0x000000077b080000)
  from space 31232K, 27% used [0x000000077cf00000,0x000000077d777570,0x000000077ed80000)
  to   space 31232K, 0% used [0x000000077b080000,0x000000077b080000,0x000000077cf00000)
 ParOldGen       total 158208K, used 40262K [0x00000006c5c00000, 0x00000006cf680000, 0x000000076c980000)
  object space 158208K, 25% used [0x00000006c5c00000,0x00000006c8351ad8,0x00000006cf680000)
 Metaspace       used 34871K, capacity 35184K, committed 35496K, reserved 1081344K
  class space    used 4205K, capacity 4251K, committed 4264K, reserved 1048576K
}
Event: 4.630 GC heap before
{Heap before GC invocations=8 (full 2):
 PSYoungGen      total 267776K, used 8669K [0x000000076c980000, 0x0000000785c80000, 0x00000007c0000000)
  eden space 236544K, 0% used [0x000000076c980000,0x000000076c980000,0x000000077b080000)
  from space 31232K, 27% used [0x000000077cf00000,0x000000077d777570,0x000000077ed80000)
  to   space 31232K, 0% used [0x000000077b080000,0x000000077b080000,0x000000077cf00000)
 ParOldGen       total 158208K, used 40262K [0x00000006c5c00000, 0x00000006cf680000, 0x000000076c980000)
  object space 158208K, 25% used [0x00000006c5c00000,0x00000006c8351ad8,0x00000006cf680000)
 Metaspace       used 34871K, capacity 35184K, committed 35496K, reserved 1081344K
  class space    used 4205K, capacity 4251K, committed 4264K, reserved 1048576K
Event: 4.721 GC heap after
Heap after GC invocations=8 (full 2):
 PSYoungGen      total 267776K, used 0K [0x000000076c980000, 0x0000000785c80000, 0x00000007c0000000)
  eden space 236544K, 0% used [0x000000076c980000,0x000000076c980000,0x000000077b080000)
  from space 31232K, 0% used [0x000000077cf00000,0x000000077cf00000,0x000000077ed80000)
  to   space 31232K, 0% used [0x000000077b080000,0x000000077b080000,0x000000077cf00000)
 ParOldGen       total 209408K, used 39581K [0x00000006c5c00000, 0x00000006d2880000, 0x000000076c980000)
  object space 209408K, 18% used [0x00000006c5c00000,0x00000006c82a7460,0x00000006d2880000)
 Metaspace       used 34871K, capacity 35184K, committed 35496K, reserved 1081344K
  class space    used 4205K, capacity 4251K, committed 4264K, reserved 1048576K
}
Event: 8.725 GC heap before
{Heap before GC invocations=9 (full 2):
 PSYoungGen      total 267776K, used 236544K [0x000000076c980000, 0x0000000785c80000, 0x00000007c0000000)
  eden space 236544K, 100% used [0x000000076c980000,0x000000077b080000,0x000000077b080000)
  from space 31232K, 0% used [0x000000077cf00000,0x000000077cf00000,0x000000077ed80000)
  to   space 31232K, 0% used [0x000000077b080000,0x000000077b080000,0x000000077cf00000)
 ParOldGen       total 209408K, used 39581K [0x00000006c5c00000, 0x00000006d2880000, 0x000000076c980000)
  object space 209408K, 18% used [0x00000006c5c00000,0x00000006c82a7460,0x00000006d2880000)
 Metaspace       used 50792K, capacity 51304K, committed 51880K, reserved 1095680K
  class space    used 6369K, capacity 6498K, committed 6568K, reserved 1048576K
Event: 8.756 GC heap after
Heap after GC invocations=9 (full 2):
 PSYoungGen      total 267776K, used 19896K [0x000000076c980000, 0x0000000785a80000, 0x00000007c0000000)
  eden space 236544K, 0% used [0x000000076c980000,0x000000076c980000,0x000000077b080000)
  from space 31232K, 63% used [0x000000077b080000,0x000000077c3ee390,0x000000077cf00000)
  to   space 31232K, 0% used [0x0000000783c00000,0x0000000783c00000,0x0000000785a80000)
 ParOldGen       total 209408K, used 39589K [0x00000006c5c00000, 0x00000006d2880000, 0x000000076c980000)
  object space 209408K, 18% used [0x00000006c5c00000,0x00000006c82a9460,0x00000006d2880000)
 Metaspace       used 50792K, capacity 51304K, committed 51880K, reserved 1095680K
  class space    used 6369K, capacity 6498K, committed 6568K, reserved 1048576K
}

