# JRE version: Java(TM) SE Runtime Environment (8.0_66-b18) (build 1.8.0_66-b18)
# Java VM: Java HotSpot(TM) 64-Bit Server VM (25.66-b18 mixed mode windows-amd64 compressed oops)
Heap:
 PSYoungGen      total 330240K, used 132206K [0x000000076c980000, 0x0000000787580000, 0x00000007c0000000)
  eden space 300032K, 36% used [0x000000076c980000,0x00000007735cf170,0x000000077ee80000)
  from space 30208K, 70% used [0x0000000780c00000,0x00000007820cca78,0x0000000782980000)
  to   space 30208K, 0% used [0x000000077ee80000,0x000000077ee80000,0x0000000780c00000)
 ParOldGen       total 200704K, used 46779K [0x00000006c5c00000, 0x00000006d2000000, 0x000000076c980000)
  object space 200704K, 23% used [0x00000006c5c00000,0x00000006c89aeef8,0x00000006d2000000)
 Metaspace       used 55792K, capacity 56394K, committed 56832K, reserved 1099776K
  class space    used 7020K, capacity 7133K, committed 7168K, reserved 1048576K
GC Heap History (10 events):
Event: 1.839 GC heap before
{Heap before GC invocations=4 (full 1):
 PSYoungGen      total 139776K, used 10726K [0x000000076c980000, 0x000000077da80000, 0x00000007c0000000)
  eden space 129024K, 0% used [0x000000076c980000,0x000000076c980000,0x0000000774780000)
  from space 10752K, 99% used [0x0000000774780000,0x00000007751f9858,0x0000000775200000)
  to   space 10752K, 0% used [0x000000077d000000,0x000000077d000000,0x000000077da80000)
 ParOldGen       total 172032K, used 32930K [0x00000006c5c00000, 0x00000006d0400000, 0x000000076c980000)
  object space 172032K, 19% used [0x00000006c5c00000,0x00000006c7c28810,0x00000006d0400000)
 Metaspace       used 20802K, capacity 20996K, committed 21296K, reserved 1069056K
  class space    used 2527K, capacity 2569K, committed 2688K, reserved 1048576K
Event: 1.910 GC heap after
Heap after GC invocations=4 (full 1):
 PSYoungGen      total 139776K, used 0K [0x000000076c980000, 0x000000077da80000, 0x00000007c0000000)
  eden space 129024K, 0% used [0x000000076c980000,0x000000076c980000,0x0000000774780000)
  from space 10752K, 0% used [0x0000000774780000,0x0000000774780000,0x0000000775200000)
  to   space 10752K, 0% used [0x000000077d000000,0x000000077d000000,0x000000077da80000)
 ParOldGen       total 147456K, used 35547K [0x00000006c5c00000, 0x00000006cec00000, 0x000000076c980000)
  object space 147456K, 24% used [0x00000006c5c00000,0x00000006c7eb6cc8,0x00000006cec00000)
 Metaspace       used 20802K, capacity 20996K, committed 21296K, reserved 1069056K
  class space    used 2527K, capacity 2569K, committed 2688K, reserved 1048576K
}
Event: 2.621 GC heap before
{Heap before GC invocations=5 (full 1):
 PSYoungGen      total 139776K, used 129024K [0x000000076c980000, 0x000000077da80000, 0x00000007c0000000)
  eden space 129024K, 100% used [0x000000076c980000,0x0000000774780000,0x0000000774780000)
  from space 10752K, 0% used [0x0000000774780000,0x0000000774780000,0x0000000775200000)
  to   space 10752K, 0% used [0x000000077d000000,0x000000077d000000,0x000000077da80000)
 ParOldGen       total 147456K, used 35547K [0x00000006c5c00000, 0x00000006cec00000, 0x000000076c980000)
  object space 147456K, 24% used [0x00000006c5c00000,0x00000006c7eb6cc8,0x00000006cec00000)
 Metaspace       used 23358K, capacity 23616K, committed 24064K, reserved 1071104K
  class space    used 2884K, capacity 2963K, committed 3072K, reserved 1048576K
Event: 2.641 GC heap after
Heap after GC invocations=5 (full 1):
 PSYoungGen      total 207360K, used 7609K [0x000000076c980000, 0x000000077d780000, 0x00000007c0000000)
  eden space 199680K, 0% used [0x000000076c980000,0x000000076c980000,0x0000000778c80000)
  from space 7680K, 99% used [0x000000077d000000,0x000000077d76e600,0x000000077d780000)
  to   space 10752K, 0% used [0x000000077c280000,0x000000077c280000,0x000000077cd00000)
 ParOldGen       total 147456K, used 35555K [0x00000006c5c00000, 0x00000006cec00000, 0x000000076c980000)
  object space 147456K, 24% used [0x00000006c5c00000,0x00000006c7eb8cc8,0x00000006cec00000)
 Metaspace       used 23358K, capacity 23616K, committed 24064K, reserved 1071104K
  class space    used 2884K, capacity 2963K, committed 3072K, reserved 1048576K
}
Event: 5.066 GC heap before
{Heap before GC invocations=6 (full 1):
 PSYoungGen      total 207360K, used 197575K [0x000000076c980000, 0x000000077d780000, 0x00000007c0000000)
  eden space 199680K, 95% used [0x000000076c980000,0x0000000778303718,0x0000000778c80000)
  from space 7680K, 99% used [0x000000077d000000,0x000000077d76e600,0x000000077d780000)
  to   space 10752K, 0% used [0x000000077c280000,0x000000077c280000,0x000000077cd00000)
 ParOldGen       total 147456K, used 35555K [0x00000006c5c00000, 0x00000006cec00000, 0x000000076c980000)
  object space 147456K, 24% used [0x00000006c5c00000,0x00000006c7eb8cc8,0x00000006cec00000)
 Metaspace       used 34888K, capacity 35138K, committed 35496K, reserved 1081344K
  class space    used 4192K, capacity 4254K, committed 4352K, reserved 1048576K
Event: 5.104 GC heap after
Heap after GC invocations=6 (full 1):
 PSYoungGen      total 265728K, used 10750K [0x000000076c980000, 0x0000000782980000, 0x00000007c0000000)
  eden space 254976K, 0% used [0x000000076c980000,0x000000076c980000,0x000000077c280000)
  from space 10752K, 99% used [0x000000077c280000,0x000000077ccffb60,0x000000077cd00000)
  to   space 30208K, 0% used [0x0000000780c00000,0x0000000780c00000,0x0000000782980000)
 ParOldGen       total 147456K, used 40954K [0x00000006c5c00000, 0x00000006cec00000, 0x000000076c980000)
  object space 147456K, 27% used [0x00000006c5c00000,0x00000006c83fe840,0x00000006cec00000)
 Metaspace       used 34888K, capacity 35138K, committed 35496K, reserved 1081344K
  class space    used 4192K, capacity 4254K, committed 4352K, reserved 1048576K
}
Event: 5.104 GC heap before
{Heap before GC invocations=7 (full 2):
 PSYoungGen      total 265728K, used 10750K [0x000000076c980000, 0x0000000782980000, 0x00000007c0000000)
  eden space 254976K, 0% used [0x000000076c980000,0x000000076c980000,0x000000077c280000)
  from space 10752K, 99% used [0x000000077c280000,0x000000077ccffb60,0x000000077cd00000)
  to   space 30208K, 0% used [0x0000000780c00000,0x0000000780c00000,0x0000000782980000)
 ParOldGen       total 147456K, used 40954K [0x00000006c5c00000, 0x00000006cec00000, 0x000000076c980000)
  object space 147456K, 27% used [0x00000006c5c00000,0x00000006c83fe840,0x00000006cec00000)
 Metaspace       used 34888K, capacity 35138K, committed 35496K, reserved 1081344K
  class space    used 4192K, capacity 4254K, committed 4352K, reserved 1048576K
Event: 5.187 GC heap after
Heap after GC invocations=7 (full 2):
 PSYoungGen      total 265728K, used 0K [0x000000076c980000, 0x0000000782980000, 0x00000007c0000000)
  eden space 254976K, 0% used [0x000000076c980000,0x000000076c980000,0x000000077c280000)
  from space 10752K, 0% used [0x000000077c280000,0x000000077c280000,0x000000077cd00000)
  to   space 30208K, 0% used [0x0000000780c00000,0x0000000780c00000,0x0000000782980000)
 ParOldGen       total 200704K, used 46771K [0x00000006c5c00000, 0x00000006d2000000, 0x000000076c980000)
  object space 200704K, 23% used [0x00000006c5c00000,0x00000006c89acef8,0x00000006d2000000)
 Metaspace       used 34888K, capacity 35138K, committed 35496K, reserved 1081344K
  class space    used 4192K, capacity 4254K, committed 4352K, reserved 1048576K
}
Event: 9.107 GC heap before
{Heap before GC invocations=8 (full 2):
 PSYoungGen      total 265728K, used 254976K [0x000000076c980000, 0x0000000782980000, 0x00000007c0000000)
  eden space 254976K, 100% used [0x000000076c980000,0x000000077c280000,0x000000077c280000)
  from space 10752K, 0% used [0x000000077c280000,0x000000077c280000,0x000000077cd00000)
  to   space 30208K, 0% used [0x0000000780c00000,0x0000000780c00000,0x0000000782980000)
 ParOldGen       total 200704K, used 46771K [0x00000006c5c00000, 0x00000006d2000000, 0x000000076c980000)
  object space 200704K, 23% used [0x00000006c5c00000,0x00000006c89acef8,0x00000006d2000000)
 Metaspace       used 51537K, capacity 52080K, committed 52480K, reserved 1095680K
  class space    used 6455K, capacity 6574K, committed 6656K, reserved 1048576K
Event: 9.124 GC heap after
Heap after GC invocations=8 (full 2):
 PSYoungGen      total 330240K, used 21298K [0x000000076c980000, 0x0000000787580000, 0x00000007c0000000)
  eden space 300032K, 0% used [0x000000076c980000,0x000000076c980000,0x000000077ee80000)
  from space 30208K, 70% used [0x0000000780c00000,0x00000007820cca78,0x0000000782980000)
  to   space 30208K, 0% used [0x000000077ee80000,0x000000077ee80000,0x0000000780c00000)
 ParOldGen       total 200704K, used 46779K [0x00000006c5c00000, 0x00000006d2000000, 0x000000076c980000)
  object space 200704K, 23% used [0x00000006c5c00000,0x00000006c89aeef8,0x00000006d2000000)
 Metaspace       used 51537K, capacity 52080K, committed 52480K, reserved 1095680K
  class space    used 6455K, capacity 6574K, committed 6656K, reserved 1048576K
}

