# JRE version: Java(TM) SE Runtime Environment (8.0_66-b18) (build 1.8.0_66-b18)
# Java VM: Java HotSpot(TM) 64-Bit Server VM (25.66-b18 mixed mode windows-amd64 compressed oops)
Heap:
 PSYoungGen      total 265728K, used 141270K [0x000000076c980000, 0x0000000784600000, 0x00000007c0000000)
  eden space 234496K, 51% used [0x000000076c980000,0x0000000773fc8f68,0x000000077ae80000)
  from space 31232K, 64% used [0x000000077ae80000,0x000000077c22cc50,0x000000077cd00000)
  to   space 31232K, 0% used [0x0000000782780000,0x0000000782780000,0x0000000784600000)
 ParOldGen       total 226816K, used 39883K [0x00000006c5c00000, 0x00000006d3980000, 0x000000076c980000)
  object space 226816K, 17% used [0x00000006c5c00000,0x00000006c82f2d58,0x00000006d3980000)
 Metaspace       used 55819K, capacity 56484K, committed 56872K, reserved 1099776K
  class space    used 7024K, capacity 7176K, committed 7208K, reserved 1048576K
GC Heap History (10 events):
Event: 2.379 GC heap before
{Heap before GC invocations=5 (full 1):
 PSYoungGen      total 139776K, used 129024K [0x000000076c980000, 0x000000077da80000, 0x00000007c0000000)
  eden space 129024K, 100% used [0x000000076c980000,0x0000000774780000,0x0000000774780000)
  from space 10752K, 0% used [0x0000000774780000,0x0000000774780000,0x0000000775200000)
  to   space 10752K, 0% used [0x000000077d000000,0x000000077d000000,0x000000077da80000)
 ParOldGen       total 163840K, used 35366K [0x00000006c5c00000, 0x00000006cfc00000, 0x000000076c980000)
  object space 163840K, 21% used [0x00000006c5c00000,0x00000006c7e898b0,0x00000006cfc00000)
 Metaspace       used 23341K, capacity 23604K, committed 24064K, reserved 1071104K
  class space    used 2880K, capacity 2961K, committed 3072K, reserved 1048576K
Event: 2.401 GC heap after
Heap after GC invocations=5 (full 1):
 PSYoungGen      total 181760K, used 7536K [0x000000076c980000, 0x000000077d780000, 0x00000007c0000000)
  eden space 174080K, 0% used [0x000000076c980000,0x000000076c980000,0x0000000777380000)
  from space 7680K, 98% used [0x000000077d000000,0x000000077d75c388,0x000000077d780000)
  to   space 10752K, 0% used [0x000000077c280000,0x000000077c280000,0x000000077cd00000)
 ParOldGen       total 163840K, used 35374K [0x00000006c5c00000, 0x00000006cfc00000, 0x000000076c980000)
  object space 163840K, 21% used [0x00000006c5c00000,0x00000006c7e8b8b0,0x00000006cfc00000)
 Metaspace       used 23341K, capacity 23604K, committed 24064K, reserved 1071104K
  class space    used 2880K, capacity 2961K, committed 3072K, reserved 1048576K
}
Event: 4.179 GC heap before
{Heap before GC invocations=6 (full 1):
 PSYoungGen      total 181760K, used 181616K [0x000000076c980000, 0x000000077d780000, 0x00000007c0000000)
  eden space 174080K, 100% used [0x000000076c980000,0x0000000777380000,0x0000000777380000)
  from space 7680K, 98% used [0x000000077d000000,0x000000077d75c388,0x000000077d780000)
  to   space 10752K, 0% used [0x000000077c280000,0x000000077c280000,0x000000077cd00000)
 ParOldGen       total 163840K, used 35374K [0x00000006c5c00000, 0x00000006cfc00000, 0x000000076c980000)
  object space 163840K, 21% used [0x00000006c5c00000,0x00000006c7e8b8b0,0x00000006cfc00000)
 Metaspace       used 33767K, capacity 34032K, committed 34432K, reserved 1079296K
  class space    used 4052K, capacity 4123K, committed 4224K, reserved 1048576K
Event: 4.203 GC heap after
Heap after GC invocations=6 (full 1):
 PSYoungGen      total 241152K, used 10723K [0x000000076c980000, 0x000000077e880000, 0x00000007c0000000)
  eden space 230400K, 0% used [0x000000076c980000,0x000000076c980000,0x000000077aa80000)
  from space 10752K, 99% used [0x000000077c280000,0x000000077ccf8d28,0x000000077cd00000)
  to   space 28160K, 0% used [0x000000077cd00000,0x000000077cd00000,0x000000077e880000)
 ParOldGen       total 163840K, used 39655K [0x00000006c5c00000, 0x00000006cfc00000, 0x000000076c980000)
  object space 163840K, 24% used [0x00000006c5c00000,0x00000006c82b9e98,0x00000006cfc00000)
 Metaspace       used 33767K, capacity 34032K, committed 34432K, reserved 1079296K
  class space    used 4052K, capacity 4123K, committed 4224K, reserved 1048576K
}
Event: 4.753 GC heap before
{Heap before GC invocations=7 (full 1):
 PSYoungGen      total 241152K, used 24725K [0x000000076c980000, 0x000000077e880000, 0x00000007c0000000)
  eden space 230400K, 6% used [0x000000076c980000,0x000000076d72c7e8,0x000000077aa80000)
  from space 10752K, 99% used [0x000000077c280000,0x000000077ccf8d28,0x000000077cd00000)
  to   space 28160K, 0% used [0x000000077cd00000,0x000000077cd00000,0x000000077e880000)
 ParOldGen       total 163840K, used 39655K [0x00000006c5c00000, 0x00000006cfc00000, 0x000000076c980000)
  object space 163840K, 24% used [0x00000006c5c00000,0x00000006c82b9e98,0x00000006cfc00000)
 Metaspace       used 34827K, capacity 35120K, committed 35496K, reserved 1081344K
  class space    used 4202K, capacity 4251K, committed 4264K, reserved 1048576K
Event: 4.780 GC heap after
Heap after GC invocations=7 (full 1):
 PSYoungGen      total 262656K, used 8968K [0x000000076c980000, 0x0000000783e80000, 0x00000007c0000000)
  eden space 234496K, 0% used [0x000000076c980000,0x000000076c980000,0x000000077ae80000)
  from space 28160K, 31% used [0x000000077cd00000,0x000000077d5c2060,0x000000077e880000)
  to   space 31232K, 0% used [0x000000077ae80000,0x000000077ae80000,0x000000077cd00000)
 ParOldGen       total 163840K, used 39655K [0x00000006c5c00000, 0x00000006cfc00000, 0x000000076c980000)
  object space 163840K, 24% used [0x00000006c5c00000,0x00000006c82b9e98,0x00000006cfc00000)
 Metaspace       used 34827K, capacity 35120K, committed 35496K, reserved 1081344K
  class space    used 4202K, capacity 4251K, committed 4264K, reserved 1048576K
}
Event: 4.780 GC heap before
{Heap before GC invocations=8 (full 2):
 PSYoungGen      total 262656K, used 8968K [0x000000076c980000, 0x0000000783e80000, 0x00000007c0000000)
  eden space 234496K, 0% used [0x000000076c980000,0x000000076c980000,0x000000077ae80000)
  from space 28160K, 31% used [0x000000077cd00000,0x000000077d5c2060,0x000000077e880000)
  to   space 31232K, 0% used [0x000000077ae80000,0x000000077ae80000,0x000000077cd00000)
 ParOldGen       total 163840K, used 39655K [0x00000006c5c00000, 0x00000006cfc00000, 0x000000076c980000)
  object space 163840K, 24% used [0x00000006c5c00000,0x00000006c82b9e98,0x00000006cfc00000)
 Metaspace       used 34827K, capacity 35120K, committed 35496K, reserved 1081344K
  class space    used 4202K, capacity 4251K, committed 4264K, reserved 1048576K
Event: 4.858 GC heap after
Heap after GC invocations=8 (full 2):
 PSYoungGen      total 262656K, used 0K [0x000000076c980000, 0x0000000783e80000, 0x00000007c0000000)
  eden space 234496K, 0% used [0x000000076c980000,0x000000076c980000,0x000000077ae80000)
  from space 28160K, 0% used [0x000000077cd00000,0x000000077cd00000,0x000000077e880000)
  to   space 31232K, 0% used [0x000000077ae80000,0x000000077ae80000,0x000000077cd00000)
 ParOldGen       total 226816K, used 39875K [0x00000006c5c00000, 0x00000006d3980000, 0x000000076c980000)
  object space 226816K, 17% used [0x00000006c5c00000,0x00000006c82f0d58,0x00000006d3980000)
 Metaspace       used 34827K, capacity 35120K, committed 35496K, reserved 1081344K
  class space    used 4202K, capacity 4251K, committed 4264K, reserved 1048576K
}
Event: 8.951 GC heap before
{Heap before GC invocations=9 (full 2):
 PSYoungGen      total 262656K, used 234496K [0x000000076c980000, 0x0000000783e80000, 0x00000007c0000000)
  eden space 234496K, 100% used [0x000000076c980000,0x000000077ae80000,0x000000077ae80000)
  from space 28160K, 0% used [0x000000077cd00000,0x000000077cd00000,0x000000077e880000)
  to   space 31232K, 0% used [0x000000077ae80000,0x000000077ae80000,0x000000077cd00000)
 ParOldGen       total 226816K, used 39875K [0x00000006c5c00000, 0x00000006d3980000, 0x000000076c980000)
  object space 226816K, 17% used [0x00000006c5c00000,0x00000006c82f0d58,0x00000006d3980000)
 Metaspace       used 50851K, capacity 51368K, committed 51880K, reserved 1095680K
  class space    used 6378K, capacity 6498K, committed 6568K, reserved 1048576K
Event: 8.978 GC heap after
Heap after GC invocations=9 (full 2):
 PSYoungGen      total 265728K, used 20147K [0x000000076c980000, 0x0000000784600000, 0x00000007c0000000)
  eden space 234496K, 0% used [0x000000076c980000,0x000000076c980000,0x000000077ae80000)
  from space 31232K, 64% used [0x000000077ae80000,0x000000077c22cc50,0x000000077cd00000)
  to   space 31232K, 0% used [0x0000000782780000,0x0000000782780000,0x0000000784600000)
 ParOldGen       total 226816K, used 39883K [0x00000006c5c00000, 0x00000006d3980000, 0x000000076c980000)
  object space 226816K, 17% used [0x00000006c5c00000,0x00000006c82f2d58,0x00000006d3980000)
 Metaspace       used 50851K, capacity 51368K, committed 51880K, reserved 1095680K
  class space    used 6378K, capacity 6498K, committed 6568K, reserved 1048576K
}

