# JRE version: Java(TM) SE Runtime Environment (8.0_66-b18) (build 1.8.0_66-b18)
# Java VM: Java HotSpot(TM) 64-Bit Server VM (25.66-b18 mixed mode windows-amd64 compressed oops)
Heap:
 PSYoungGen      total 265728K, used 164388K [0x000000076c980000, 0x0000000783380000, 0x00000007c0000000)
  eden space 234496K, 61% used [0x000000076c980000,0x000000077566d198,0x000000077ae80000)
  from space 31232K, 64% used [0x000000077ae80000,0x000000077c21bec8,0x000000077cd00000)
  to   space 31232K, 0% used [0x0000000781500000,0x0000000781500000,0x0000000783380000)
 ParOldGen       total 235008K, used 40325K [0x00000006c5c00000, 0x00000006d4180000, 0x000000076c980000)
  object space 235008K, 17% used [0x00000006c5c00000,0x00000006c83616d0,0x00000006d4180000)
 Metaspace       used 56197K, capacity 56910K, committed 57128K, reserved 1099776K
  class space    used 7041K, capacity 7203K, committed 7208K, reserved 1048576K
GC Heap History (10 events):
Event: 2.515 GC heap before
{Heap before GC invocations=5 (full 1):
 PSYoungGen      total 139776K, used 129024K [0x000000076c980000, 0x000000077da80000, 0x00000007c0000000)
  eden space 129024K, 100% used [0x000000076c980000,0x0000000774780000,0x0000000774780000)
  from space 10752K, 0% used [0x0000000774780000,0x0000000774780000,0x0000000775200000)
  to   space 10752K, 0% used [0x000000077d000000,0x000000077d000000,0x000000077da80000)
 ParOldGen       total 161792K, used 35400K [0x00000006c5c00000, 0x00000006cfa00000, 0x000000076c980000)
  object space 161792K, 21% used [0x00000006c5c00000,0x00000006c7e922c0,0x00000006cfa00000)
 Metaspace       used 23341K, capacity 23604K, committed 24064K, reserved 1071104K
  class space    used 2885K, capacity 2961K, committed 3072K, reserved 1048576K
Event: 2.523 GC heap after
Heap after GC invocations=5 (full 1):
 PSYoungGen      total 178688K, used 7627K [0x000000076c980000, 0x000000077d780000, 0x00000007c0000000)
  eden space 171008K, 0% used [0x000000076c980000,0x000000076c980000,0x0000000777080000)
  from space 7680K, 99% used [0x000000077d000000,0x000000077d772cb0,0x000000077d780000)
  to   space 10752K, 0% used [0x000000077c280000,0x000000077c280000,0x000000077cd00000)
 ParOldGen       total 161792K, used 35408K [0x00000006c5c00000, 0x00000006cfa00000, 0x000000076c980000)
  object space 161792K, 21% used [0x00000006c5c00000,0x00000006c7e942c0,0x00000006cfa00000)
 Metaspace       used 23341K, capacity 23604K, committed 24064K, reserved 1071104K
  class space    used 2885K, capacity 2961K, committed 3072K, reserved 1048576K
}
Event: 3.953 GC heap before
{Heap before GC invocations=6 (full 1):
 PSYoungGen      total 178688K, used 178635K [0x000000076c980000, 0x000000077d780000, 0x00000007c0000000)
  eden space 171008K, 100% used [0x000000076c980000,0x0000000777080000,0x0000000777080000)
  from space 7680K, 99% used [0x000000077d000000,0x000000077d772cb0,0x000000077d780000)
  to   space 10752K, 0% used [0x000000077c280000,0x000000077c280000,0x000000077cd00000)
 ParOldGen       total 161792K, used 35408K [0x00000006c5c00000, 0x00000006cfa00000, 0x000000076c980000)
  object space 161792K, 21% used [0x00000006c5c00000,0x00000006c7e942c0,0x00000006cfa00000)
 Metaspace       used 32109K, capacity 32432K, committed 33024K, reserved 1079296K
  class space    used 3922K, capacity 3995K, committed 4096K, reserved 1048576K
Event: 3.963 GC heap after
Heap after GC invocations=6 (full 1):
 PSYoungGen      total 230400K, used 10751K [0x000000076c980000, 0x000000077de00000, 0x00000007c0000000)
  eden space 219648K, 0% used [0x000000076c980000,0x000000076c980000,0x000000077a000000)
  from space 10752K, 99% used [0x000000077c280000,0x000000077ccffc08,0x000000077cd00000)
  to   space 17408K, 0% used [0x000000077cd00000,0x000000077cd00000,0x000000077de00000)
 ParOldGen       total 161792K, used 38796K [0x00000006c5c00000, 0x00000006cfa00000, 0x000000076c980000)
  object space 161792K, 23% used [0x00000006c5c00000,0x00000006c81e3360,0x00000006cfa00000)
 Metaspace       used 32109K, capacity 32432K, committed 33024K, reserved 1079296K
  class space    used 3922K, capacity 3995K, committed 4096K, reserved 1048576K
}
Event: 4.885 GC heap before
{Heap before GC invocations=7 (full 1):
 PSYoungGen      total 230400K, used 27838K [0x000000076c980000, 0x000000077de00000, 0x00000007c0000000)
  eden space 219648K, 7% used [0x000000076c980000,0x000000076da2fcc0,0x000000077a000000)
  from space 10752K, 99% used [0x000000077c280000,0x000000077ccffc08,0x000000077cd00000)
  to   space 17408K, 0% used [0x000000077cd00000,0x000000077cd00000,0x000000077de00000)
 ParOldGen       total 161792K, used 38796K [0x00000006c5c00000, 0x00000006cfa00000, 0x000000076c980000)
  object space 161792K, 23% used [0x00000006c5c00000,0x00000006c81e3360,0x00000006cfa00000)
 Metaspace       used 34833K, capacity 35120K, committed 35496K, reserved 1081344K
  class space    used 4203K, capacity 4251K, committed 4264K, reserved 1048576K
Event: 4.903 GC heap after
Heap after GC invocations=7 (full 1):
 PSYoungGen      total 251904K, used 9433K [0x000000076c980000, 0x0000000781980000, 0x00000007c0000000)
  eden space 234496K, 0% used [0x000000076c980000,0x000000076c980000,0x000000077ae80000)
  from space 17408K, 54% used [0x000000077cd00000,0x000000077d6366c0,0x000000077de00000)
  to   space 31232K, 0% used [0x000000077ae80000,0x000000077ae80000,0x000000077cd00000)
 ParOldGen       total 161792K, used 38796K [0x00000006c5c00000, 0x00000006cfa00000, 0x000000076c980000)
  object space 161792K, 23% used [0x00000006c5c00000,0x00000006c81e3360,0x00000006cfa00000)
 Metaspace       used 34833K, capacity 35120K, committed 35496K, reserved 1081344K
  class space    used 4203K, capacity 4251K, committed 4264K, reserved 1048576K
}
Event: 4.903 GC heap before
{Heap before GC invocations=8 (full 2):
 PSYoungGen      total 251904K, used 9433K [0x000000076c980000, 0x0000000781980000, 0x00000007c0000000)
  eden space 234496K, 0% used [0x000000076c980000,0x000000076c980000,0x000000077ae80000)
  from space 17408K, 54% used [0x000000077cd00000,0x000000077d6366c0,0x000000077de00000)
  to   space 31232K, 0% used [0x000000077ae80000,0x000000077ae80000,0x000000077cd00000)
 ParOldGen       total 161792K, used 38796K [0x00000006c5c00000, 0x00000006cfa00000, 0x000000076c980000)
  object space 161792K, 23% used [0x00000006c5c00000,0x00000006c81e3360,0x00000006cfa00000)
 Metaspace       used 34833K, capacity 35120K, committed 35496K, reserved 1081344K
  class space    used 4203K, capacity 4251K, committed 4264K, reserved 1048576K
Event: 4.982 GC heap after
Heap after GC invocations=8 (full 2):
 PSYoungGen      total 251904K, used 0K [0x000000076c980000, 0x0000000781980000, 0x00000007c0000000)
  eden space 234496K, 0% used [0x000000076c980000,0x000000076c980000,0x000000077ae80000)
  from space 17408K, 0% used [0x000000077cd00000,0x000000077cd00000,0x000000077de00000)
  to   space 31232K, 0% used [0x000000077ae80000,0x000000077ae80000,0x000000077cd00000)
 ParOldGen       total 235008K, used 40317K [0x00000006c5c00000, 0x00000006d4180000, 0x000000076c980000)
  object space 235008K, 17% used [0x00000006c5c00000,0x00000006c835f6d0,0x00000006d4180000)
 Metaspace       used 34833K, capacity 35120K, committed 35496K, reserved 1081344K
  class space    used 4203K, capacity 4251K, committed 4264K, reserved 1048576K
}
Event: 8.783 GC heap before
{Heap before GC invocations=9 (full 2):
 PSYoungGen      total 251904K, used 234496K [0x000000076c980000, 0x0000000781980000, 0x00000007c0000000)
  eden space 234496K, 100% used [0x000000076c980000,0x000000077ae80000,0x000000077ae80000)
  from space 17408K, 0% used [0x000000077cd00000,0x000000077cd00000,0x000000077de00000)
  to   space 31232K, 0% used [0x000000077ae80000,0x000000077ae80000,0x000000077cd00000)
 ParOldGen       total 235008K, used 40317K [0x00000006c5c00000, 0x00000006d4180000, 0x000000076c980000)
  object space 235008K, 17% used [0x00000006c5c00000,0x00000006c835f6d0,0x00000006d4180000)
 Metaspace       used 50773K, capacity 51304K, committed 51880K, reserved 1095680K
  class space    used 6370K, capacity 6498K, committed 6568K, reserved 1048576K
Event: 8.823 GC heap after
Heap after GC invocations=9 (full 2):
 PSYoungGen      total 265728K, used 20079K [0x000000076c980000, 0x0000000783380000, 0x00000007c0000000)
  eden space 234496K, 0% used [0x000000076c980000,0x000000076c980000,0x000000077ae80000)
  from space 31232K, 64% used [0x000000077ae80000,0x000000077c21bec8,0x000000077cd00000)
  to   space 31232K, 0% used [0x0000000781500000,0x0000000781500000,0x0000000783380000)
 ParOldGen       total 235008K, used 40325K [0x00000006c5c00000, 0x00000006d4180000, 0x000000076c980000)
  object space 235008K, 17% used [0x00000006c5c00000,0x00000006c83616d0,0x00000006d4180000)
 Metaspace       used 50773K, capacity 51304K, committed 51880K, reserved 1095680K
  class space    used 6370K, capacity 6498K, committed 6568K, reserved 1048576K
}

