# JRE version: Java(TM) SE Runtime Environment (8.0_66-b18) (build 1.8.0_66-b18)
# Java VM: Java HotSpot(TM) 64-Bit Server VM (25.66-b18 mixed mode windows-amd64 compressed oops)
Heap:
 PSYoungGen      total 267776K, used 227503K [0x000000076c980000, 0x0000000782a80000, 0x00000007c0000000)
  eden space 253952K, 89% used [0x000000076c980000,0x000000077a7abe68,0x000000077c180000)
  from space 13824K, 0% used [0x000000077c180000,0x000000077c180000,0x000000077cf00000)
  to   space 13824K, 0% used [0x0000000781d00000,0x0000000781d00000,0x0000000782a80000)
 ParOldGen       total 158208K, used 21104K [0x00000006c5c00000, 0x00000006cf680000, 0x000000076c980000)
  object space 158208K, 13% used [0x00000006c5c00000,0x00000006c709c2b8,0x00000006cf680000)
 Metaspace       used 47344K, capacity 47710K, committed 48168K, reserved 1091584K
  class space    used 6020K, capacity 6116K, committed 6184K, reserved 1048576K
GC Heap History (10 events):
Event: 1.945 GC heap before
{Heap before GC invocations=5 (full 0):
 PSYoungGen      total 139776K, used 60914K [0x000000076c980000, 0x0000000775c80000, 0x00000007c0000000)
  eden space 129024K, 38% used [0x000000076c980000,0x000000076fa7f5f0,0x0000000774780000)
  from space 10752K, 99% used [0x0000000775200000,0x0000000775c7d2f8,0x0000000775c80000)
  to   space 10752K, 0% used [0x0000000774780000,0x0000000774780000,0x0000000775200000)
 ParOldGen       total 172032K, used 5026K [0x00000006c5c00000, 0x00000006d0400000, 0x000000076c980000)
  object space 172032K, 2% used [0x00000006c5c00000,0x00000006c60e8bd0,0x00000006d0400000)
 Metaspace       used 20946K, capacity 21136K, committed 21296K, reserved 1069056K
  class space    used 2581K, capacity 2651K, committed 2688K, reserved 1048576K
Event: 1.955 GC heap after
Heap after GC invocations=5 (full 0):
 PSYoungGen      total 139776K, used 10744K [0x000000076c980000, 0x000000077e080000, 0x00000007c0000000)
  eden space 129024K, 0% used [0x000000076c980000,0x000000076c980000,0x0000000774780000)
  from space 10752K, 99% used [0x0000000774780000,0x00000007751fe388,0x0000000775200000)
  to   space 13824K, 0% used [0x000000077d300000,0x000000077d300000,0x000000077e080000)
 ParOldGen       total 172032K, used 6163K [0x00000006c5c00000, 0x00000006d0400000, 0x000000076c980000)
  object space 172032K, 3% used [0x00000006c5c00000,0x00000006c6204d60,0x00000006d0400000)
 Metaspace       used 20946K, capacity 21136K, committed 21296K, reserved 1069056K
  class space    used 2581K, capacity 2651K, committed 2688K, reserved 1048576K
}
Event: 1.955 GC heap before
{Heap before GC invocations=6 (full 1):
 PSYoungGen      total 139776K, used 10744K [0x000000076c980000, 0x000000077e080000, 0x00000007c0000000)
  eden space 129024K, 0% used [0x000000076c980000,0x000000076c980000,0x0000000774780000)
  from space 10752K, 99% used [0x0000000774780000,0x00000007751fe388,0x0000000775200000)
  to   space 13824K, 0% used [0x000000077d300000,0x000000077d300000,0x000000077e080000)
 ParOldGen       total 172032K, used 6163K [0x00000006c5c00000, 0x00000006d0400000, 0x000000076c980000)
  object space 172032K, 3% used [0x00000006c5c00000,0x00000006c6204d60,0x00000006d0400000)
 Metaspace       used 20946K, capacity 21136K, committed 21296K, reserved 1069056K
  class space    used 2581K, capacity 2651K, committed 2688K, reserved 1048576K
Event: 1.986 GC heap after
Heap after GC invocations=6 (full 1):
 PSYoungGen      total 139776K, used 0K [0x000000076c980000, 0x000000077e080000, 0x00000007c0000000)
  eden space 129024K, 0% used [0x000000076c980000,0x000000076c980000,0x0000000774780000)
  from space 10752K, 0% used [0x0000000774780000,0x0000000774780000,0x0000000775200000)
  to   space 13824K, 0% used [0x000000077d300000,0x000000077d300000,0x000000077e080000)
 ParOldGen       total 102912K, used 11587K [0x00000006c5c00000, 0x00000006cc080000, 0x000000076c980000)
  object space 102912K, 11% used [0x00000006c5c00000,0x00000006c6750cb0,0x00000006cc080000)
 Metaspace       used 20946K, capacity 21136K, committed 21296K, reserved 1069056K
  class space    used 2581K, capacity 2651K, committed 2688K, reserved 1048576K
}
Event: 2.998 GC heap before
{Heap before GC invocations=7 (full 1):
 PSYoungGen      total 139776K, used 129024K [0x000000076c980000, 0x000000077e080000, 0x00000007c0000000)
  eden space 129024K, 100% used [0x000000076c980000,0x0000000774780000,0x0000000774780000)
  from space 10752K, 0% used [0x0000000774780000,0x0000000774780000,0x0000000775200000)
  to   space 13824K, 0% used [0x000000077d300000,0x000000077d300000,0x000000077e080000)
 ParOldGen       total 102912K, used 11587K [0x00000006c5c00000, 0x00000006cc080000, 0x000000076c980000)
  object space 102912K, 11% used [0x00000006c5c00000,0x00000006c6750cb0,0x00000006cc080000)
 Metaspace       used 26705K, capacity 26938K, committed 27136K, reserved 1073152K
  class space    used 3260K, capacity 3298K, committed 3328K, reserved 1048576K
Event: 3.017 GC heap after
Heap after GC invocations=7 (full 1):
 PSYoungGen      total 218112K, used 9517K [0x000000076c980000, 0x000000077dc80000, 0x00000007c0000000)
  eden space 208384K, 0% used [0x000000076c980000,0x000000076c980000,0x0000000779500000)
  from space 9728K, 97% used [0x000000077d300000,0x000000077dc4b5a8,0x000000077dc80000)
  to   space 13824K, 0% used [0x000000077c180000,0x000000077c180000,0x000000077cf00000)
 ParOldGen       total 102912K, used 11595K [0x00000006c5c00000, 0x00000006cc080000, 0x000000076c980000)
  object space 102912K, 11% used [0x00000006c5c00000,0x00000006c6752cb0,0x00000006cc080000)
 Metaspace       used 26705K, capacity 26938K, committed 27136K, reserved 1073152K
  class space    used 3260K, capacity 3298K, committed 3328K, reserved 1048576K
}
Event: 4.255 GC heap before
{Heap before GC invocations=8 (full 1):
 PSYoungGen      total 218112K, used 86682K [0x000000076c980000, 0x000000077dc80000, 0x00000007c0000000)
  eden space 208384K, 37% used [0x000000076c980000,0x00000007714db420,0x0000000779500000)
  from space 9728K, 97% used [0x000000077d300000,0x000000077dc4b5a8,0x000000077dc80000)
  to   space 13824K, 0% used [0x000000077c180000,0x000000077c180000,0x000000077cf00000)
 ParOldGen       total 102912K, used 11595K [0x00000006c5c00000, 0x00000006cc080000, 0x000000076c980000)
  object space 102912K, 11% used [0x00000006c5c00000,0x00000006c6752cb0,0x00000006cc080000)
 Metaspace       used 35084K, capacity 35356K, committed 35496K, reserved 1081344K
  class space    used 4392K, capacity 4481K, committed 4520K, reserved 1048576K
Event: 4.281 GC heap after
Heap after GC invocations=8 (full 1):
 PSYoungGen      total 267776K, used 12023K [0x000000076c980000, 0x0000000782a80000, 0x00000007c0000000)
  eden space 253952K, 0% used [0x000000076c980000,0x000000076c980000,0x000000077c180000)
  from space 13824K, 86% used [0x000000077c180000,0x000000077cd3df50,0x000000077cf00000)
  to   space 13824K, 0% used [0x0000000781d00000,0x0000000781d00000,0x0000000782a80000)
 ParOldGen       total 102912K, used 11603K [0x00000006c5c00000, 0x00000006cc080000, 0x000000076c980000)
  object space 102912K, 11% used [0x00000006c5c00000,0x00000006c6754cb0,0x00000006cc080000)
 Metaspace       used 35084K, capacity 35356K, committed 35496K, reserved 1081344K
  class space    used 4392K, capacity 4481K, committed 4520K, reserved 1048576K
}
Event: 4.281 GC heap before
{Heap before GC invocations=9 (full 2):
 PSYoungGen      total 267776K, used 12023K [0x000000076c980000, 0x0000000782a80000, 0x00000007c0000000)
  eden space 253952K, 0% used [0x000000076c980000,0x000000076c980000,0x000000077c180000)
  from space 13824K, 86% used [0x000000077c180000,0x000000077cd3df50,0x000000077cf00000)
  to   space 13824K, 0% used [0x0000000781d00000,0x0000000781d00000,0x0000000782a80000)
 ParOldGen       total 102912K, used 11603K [0x00000006c5c00000, 0x00000006cc080000, 0x000000076c980000)
  object space 102912K, 11% used [0x00000006c5c00000,0x00000006c6754cb0,0x00000006cc080000)
 Metaspace       used 35084K, capacity 35356K, committed 35496K, reserved 1081344K
  class space    used 4392K, capacity 4481K, committed 4520K, reserved 1048576K
Event: 4.362 GC heap after
Heap after GC invocations=9 (full 2):
 PSYoungGen      total 267776K, used 0K [0x000000076c980000, 0x0000000782a80000, 0x00000007c0000000)
  eden space 253952K, 0% used [0x000000076c980000,0x000000076c980000,0x000000077c180000)
  from space 13824K, 0% used [0x000000077c180000,0x000000077c180000,0x000000077cf00000)
  to   space 13824K, 0% used [0x0000000781d00000,0x0000000781d00000,0x0000000782a80000)
 ParOldGen       total 158208K, used 21104K [0x00000006c5c00000, 0x00000006cf680000, 0x000000076c980000)
  object space 158208K, 13% used [0x00000006c5c00000,0x00000006c709c2b8,0x00000006cf680000)
 Metaspace       used 35084K, capacity 35356K, committed 35496K, reserved 1081344K
  class space    used 4392K, capacity 4481K, committed 4520K, reserved 1048576K
}

