# JRE version: Java(TM) SE Runtime Environment (8.0_66-b18) (build 1.8.0_66-b18)
# Java VM: Java HotSpot(TM) 64-Bit Server VM (25.66-b18 mixed mode windows-amd64 compressed oops)
Heap:
 PSYoungGen      total 319488K, used 119526K [0x000000076c980000, 0x0000000786b80000, 0x00000007c0000000)
  eden space 288256K, 34% used [0x000000076c980000,0x00000007729529b8,0x000000077e300000)
  from space 31232K, 68% used [0x0000000780180000,0x0000000781667100,0x0000000782000000)
  to   space 31232K, 0% used [0x000000077e300000,0x000000077e300000,0x0000000780180000)
 ParOldGen       total 208896K, used 46731K [0x00000006c5c00000, 0x00000006d2800000, 0x000000076c980000)
  object space 208896K, 22% used [0x00000006c5c00000,0x00000006c89a2c60,0x00000006d2800000)
 Metaspace       used 55774K, capacity 56406K, committed 56832K, reserved 1099776K
  class space    used 7012K, capacity 7147K, committed 7168K, reserved 1048576K
GC Heap History (10 events):
Event: 1.816 GC heap before
{Heap before GC invocations=4 (full 1):
 PSYoungGen      total 139776K, used 10751K [0x000000076c980000, 0x000000077da80000, 0x00000007c0000000)
  eden space 129024K, 0% used [0x000000076c980000,0x000000076c980000,0x0000000774780000)
  from space 10752K, 99% used [0x0000000774780000,0x00000007751ffef8,0x0000000775200000)
  to   space 10752K, 0% used [0x000000077d000000,0x000000077d000000,0x000000077da80000)
 ParOldGen       total 172032K, used 32750K [0x00000006c5c00000, 0x00000006d0400000, 0x000000076c980000)
  object space 172032K, 19% used [0x00000006c5c00000,0x00000006c7bfb9e0,0x00000006d0400000)
 Metaspace       used 20868K, capacity 21074K, committed 21296K, reserved 1069056K
  class space    used 2538K, capacity 2598K, committed 2688K, reserved 1048576K
Event: 1.889 GC heap after
Heap after GC invocations=4 (full 1):
 PSYoungGen      total 139776K, used 0K [0x000000076c980000, 0x000000077da80000, 0x00000007c0000000)
  eden space 129024K, 0% used [0x000000076c980000,0x000000076c980000,0x0000000774780000)
  from space 10752K, 0% used [0x0000000774780000,0x0000000774780000,0x0000000775200000)
  to   space 10752K, 0% used [0x000000077d000000,0x000000077d000000,0x000000077da80000)
 ParOldGen       total 150528K, used 35533K [0x00000006c5c00000, 0x00000006cef00000, 0x000000076c980000)
  object space 150528K, 23% used [0x00000006c5c00000,0x00000006c7eb36b8,0x00000006cef00000)
 Metaspace       used 20868K, capacity 21074K, committed 21296K, reserved 1069056K
  class space    used 2538K, capacity 2598K, committed 2688K, reserved 1048576K
}
Event: 2.562 GC heap before
{Heap before GC invocations=5 (full 1):
 PSYoungGen      total 139776K, used 129024K [0x000000076c980000, 0x000000077da80000, 0x00000007c0000000)
  eden space 129024K, 100% used [0x000000076c980000,0x0000000774780000,0x0000000774780000)
  from space 10752K, 0% used [0x0000000774780000,0x0000000774780000,0x0000000775200000)
  to   space 10752K, 0% used [0x000000077d000000,0x000000077d000000,0x000000077da80000)
 ParOldGen       total 150528K, used 35533K [0x00000006c5c00000, 0x00000006cef00000, 0x000000076c980000)
  object space 150528K, 23% used [0x00000006c5c00000,0x00000006c7eb36b8,0x00000006cef00000)
 Metaspace       used 23433K, capacity 23668K, committed 24064K, reserved 1071104K
  class space    used 2886K, capacity 2961K, committed 3072K, reserved 1048576K
Event: 2.582 GC heap after
Heap after GC invocations=5 (full 1):
 PSYoungGen      total 204800K, used 7682K [0x000000076c980000, 0x000000077d800000, 0x00000007c0000000)
  eden space 196608K, 0% used [0x000000076c980000,0x000000076c980000,0x0000000778980000)
  from space 8192K, 93% used [0x000000077d000000,0x000000077d780830,0x000000077d800000)
  to   space 10752K, 0% used [0x000000077c300000,0x000000077c300000,0x000000077cd80000)
 ParOldGen       total 150528K, used 35541K [0x00000006c5c00000, 0x00000006cef00000, 0x000000076c980000)
  object space 150528K, 23% used [0x00000006c5c00000,0x00000006c7eb56b8,0x00000006cef00000)
 Metaspace       used 23433K, capacity 23668K, committed 24064K, reserved 1071104K
  class space    used 2886K, capacity 2961K, committed 3072K, reserved 1048576K
}
Event: 4.825 GC heap before
{Heap before GC invocations=6 (full 1):
 PSYoungGen      total 204800K, used 190608K [0x000000076c980000, 0x000000077d800000, 0x00000007c0000000)
  eden space 196608K, 93% used [0x000000076c980000,0x0000000777c23918,0x0000000778980000)
  from space 8192K, 93% used [0x000000077d000000,0x000000077d780830,0x000000077d800000)
  to   space 10752K, 0% used [0x000000077c300000,0x000000077c300000,0x000000077cd80000)
 ParOldGen       total 150528K, used 35541K [0x00000006c5c00000, 0x00000006cef00000, 0x000000076c980000)
  object space 150528K, 23% used [0x00000006c5c00000,0x00000006c7eb56b8,0x00000006cef00000)
 Metaspace       used 34927K, capacity 35152K, committed 35496K, reserved 1081344K
  class space    used 4232K, capacity 4283K, committed 4352K, reserved 1048576K
Event: 4.840 GC heap after
Heap after GC invocations=6 (full 1):
 PSYoungGen      total 266240K, used 10750K [0x000000076c980000, 0x0000000782000000, 0x00000007c0000000)
  eden space 255488K, 0% used [0x000000076c980000,0x000000076c980000,0x000000077c300000)
  from space 10752K, 99% used [0x000000077c300000,0x000000077cd7fb90,0x000000077cd80000)
  to   space 31232K, 0% used [0x0000000780180000,0x0000000780180000,0x0000000782000000)
 ParOldGen       total 150528K, used 40873K [0x00000006c5c00000, 0x00000006cef00000, 0x000000076c980000)
  object space 150528K, 27% used [0x00000006c5c00000,0x00000006c83ea638,0x00000006cef00000)
 Metaspace       used 34927K, capacity 35152K, committed 35496K, reserved 1081344K
  class space    used 4232K, capacity 4283K, committed 4352K, reserved 1048576K
}
Event: 4.840 GC heap before
{Heap before GC invocations=7 (full 2):
 PSYoungGen      total 266240K, used 10750K [0x000000076c980000, 0x0000000782000000, 0x00000007c0000000)
  eden space 255488K, 0% used [0x000000076c980000,0x000000076c980000,0x000000077c300000)
  from space 10752K, 99% used [0x000000077c300000,0x000000077cd7fb90,0x000000077cd80000)
  to   space 31232K, 0% used [0x0000000780180000,0x0000000780180000,0x0000000782000000)
 ParOldGen       total 150528K, used 40873K [0x00000006c5c00000, 0x00000006cef00000, 0x000000076c980000)
  object space 150528K, 27% used [0x00000006c5c00000,0x00000006c83ea638,0x00000006cef00000)
 Metaspace       used 34927K, capacity 35152K, committed 35496K, reserved 1081344K
  class space    used 4232K, capacity 4283K, committed 4352K, reserved 1048576K
Event: 4.940 GC heap after
Heap after GC invocations=7 (full 2):
 PSYoungGen      total 266240K, used 0K [0x000000076c980000, 0x0000000782000000, 0x00000007c0000000)
  eden space 255488K, 0% used [0x000000076c980000,0x000000076c980000,0x000000077c300000)
  from space 10752K, 0% used [0x000000077c300000,0x000000077c300000,0x000000077cd80000)
  to   space 31232K, 0% used [0x0000000780180000,0x0000000780180000,0x0000000782000000)
 ParOldGen       total 208896K, used 46723K [0x00000006c5c00000, 0x00000006d2800000, 0x000000076c980000)
  object space 208896K, 22% used [0x00000006c5c00000,0x00000006c89a0c60,0x00000006d2800000)
 Metaspace       used 34927K, capacity 35152K, committed 35496K, reserved 1081344K
  class space    used 4232K, capacity 4283K, committed 4352K, reserved 1048576K
}
Event: 9.020 GC heap before
{Heap before GC invocations=8 (full 2):
 PSYoungGen      total 266240K, used 255488K [0x000000076c980000, 0x0000000782000000, 0x00000007c0000000)
  eden space 255488K, 100% used [0x000000076c980000,0x000000077c300000,0x000000077c300000)
  from space 10752K, 0% used [0x000000077c300000,0x000000077c300000,0x000000077cd80000)
  to   space 31232K, 0% used [0x0000000780180000,0x0000000780180000,0x0000000782000000)
 ParOldGen       total 208896K, used 46723K [0x00000006c5c00000, 0x00000006d2800000, 0x000000076c980000)
  object space 208896K, 22% used [0x00000006c5c00000,0x00000006c89a0c60,0x00000006d2800000)
 Metaspace       used 51316K, capacity 51880K, committed 52224K, reserved 1095680K
  class space    used 6444K, capacity 6562K, committed 6656K, reserved 1048576K
Event: 9.047 GC heap after
Heap after GC invocations=8 (full 2):
 PSYoungGen      total 319488K, used 21404K [0x000000076c980000, 0x0000000786b80000, 0x00000007c0000000)
  eden space 288256K, 0% used [0x000000076c980000,0x000000076c980000,0x000000077e300000)
  from space 31232K, 68% used [0x0000000780180000,0x0000000781667100,0x0000000782000000)
  to   space 31232K, 0% used [0x000000077e300000,0x000000077e300000,0x0000000780180000)
 ParOldGen       total 208896K, used 46731K [0x00000006c5c00000, 0x00000006d2800000, 0x000000076c980000)
  object space 208896K, 22% used [0x00000006c5c00000,0x00000006c89a2c60,0x00000006d2800000)
 Metaspace       used 51316K, capacity 51880K, committed 52224K, reserved 1095680K
  class space    used 6444K, capacity 6562K, committed 6656K, reserved 1048576K
}

